DG 6.5 6.5
DG 6.5 6.5
DG 6.5 6.5
DG 6.5 6.5
H 4 4
GA 5 6.5
GA 5 6.5
GA 5 6.5
DG 6.5 6.5
DG 6.5 6.5
FA 8 8
JC 5 5
H 4 4
PE 8.5 8.5
FC 8 7
WC 4 4
FA 8 8
FA 8 8
FA 8 8
FA 8 8
F 6.5 7.5
F 6.5 7.5
FA 8 8
FA 8 8
FA 8 8
FA 8 8
FA 8 8
FA 8 8
FA 8 8
FA 8 8
FA 8 8
FA 8 8
FA 8 8
FA 8 8
FA 8 8
FA 8 8
FA 8 8
DG 6.5 6.5
DG 6.5 6.5
AA 3.5 3.5
DG 6.5 6.5
DG 6.5 6.5
DG 6.5 6.5
DG 6.5 6.5
H 4 4
DG 6.5 6.5
DG 6.5 6.5
DG 6.5 6.5
DG 6.5 6.5
DG 6.5 6.5
DG 6.5 6.5
DR 7 6.5
DR 7 6.5
DR 7 6.5
FA 8 8
FA 8 8
FA 8 8
FA 8 8
FA 8 8
FA 8 8
JA 7 7
FA 8 8
JC 5 5
MAA 6.5 3.5
MAA 6.5 3.5
MAA 6.5 3.5
MAA 6.5 3.5
MAA 6.5 3.5
MAA 6.5 3.5
MAA 6.5 3.5
MAA 6.5 3.5
MAA 6.5 3.5
MAA 6.5 3.5
MAA 6.5 3.5
MAA 6.5 3.5
MAA 6.5 3.5
MAA 6.5 3.5
MAA 6.5 3.5
MAA 6.5 3.5
MAA 6.5 3.5
MAA 6.5 3.5
MAA 6.5 3.5
MAA 6.5 3.5
MAA 6.5 3.5
AP 4 3.5
DB 4 5
DB 4 5
DB 4 5
DB 4 5
BTM not found
WY not found
AN 7 5.5
BP 10 8.5
FA 8 8
FA 8 8
AF 2.5 4.5
AF 2.5 4.5
WCN 4.5 5
WC 4 4
GA 5 6.5
GA 5 6.5
PCC 6.5 2.5
PCC 6.5 2.5
AA 3.5 3.5
AA 3.5 3.5
H 4 4
H 4 4
JA 7 7
JA 7 7
JA 7 7
JA 7 7
H 4 4
DR 7 6.5
DR 7 6.5
DR 7 6.5
DR 7 6.5
DR 7 6.5
DB 4 5
DB 4 5
DB 4 5
DB 4 5
DB 4 5
DB 4 5
DB 4 5
DB 4 5
DB 4 5
DB 4 5
DB 4 5
DB 4 5
DB 4 5
DB 4 5
DB 4 5
DB 4 5
DB 4 5
DB 4 5
DB 4 5
DB 4 5
DB 4 5
DB 4 5
DB 4 5
DB 4 5
DB 4 5
DB 4 5
DB 4 5
DB 4 5
DB 4 5
DB 4 5
DB 4 5
DB 4 5
DB 4 5
DB 4 5
DB 4 5
DB 4 5
DB 4 5
DB 4 5
DB 4 5
DB 4 5
DB 4 5
DB 4 5
DB 4 5
DB 4 5
MR 7 4.5
MR 7 4.5
WY not found
MR 7 4.5
MR 7 4.5
MR 7 4.5
MR 7 4.5
MAC 8.5 5.5
MAC 8.5 5.5
MAC 8.5 5.5
MAC 8.5 5.5
MAC 8.5 5.5
MAC 8.5 5.5
MAC 8.5 5.5
MAC 8.5 5.5
MAC 8.5 5.5
MAC 8.5 5.5
MAC 8.5 5.5
MAC 8.5 5.5
MAC 8.5 5.5
MAC 8.5 5.5
MAC 8.5 5.5
MAC 8.5 5.5
MAC 8.5 5.5
MAC 8.5 5.5
MAC 8.5 5.5
MAC 8.5 5.5
MAC 8.5 5.5
MAC 8.5 5.5
MAC 8.5 5.5
MAC 8.5 5.5
MAC 8.5 5.5
MAC 8.5 5.5
MAC 8.5 5.5
MAC 8.5 5.5
MAC 8.5 5.5
MAC 8.5 5.5
MAC 8.5 5.5
MAC 8.5 5.5
MAC 8.5 5.5
MAC 8.5 5.5
MAC 8.5 5.5
MAC 8.5 5.5
MAC 8.5 5.5
MAC 8.5 5.5
MAC 8.5 5.5
MAC 8.5 5.5
MAC 8.5 5.5
MR 7 4.5
MAC 8.5 5.5
MR 7 4.5
MR 7 4.5
MAC 8.5 5.5
MAC 8.5 5.5
MAC 8.5 5.5
MAC 8.5 5.5
MAC 8.5 5.5
MAC 8.5 5.5
MAC 8.5 5.5
MAC 8.5 5.5
MAC 8.5 5.5
MAC 8.5 5.5
MAC 8.5 5.5
MAC 8.5 5.5
MAC 8.5 5.5
MAC 8.5 5.5
MAC 8.5 5.5
MAC 8.5 5.5
MAC 8.5 5.5
MAC 8.5 5.5
MAC 8.5 5.5
MAC 8.5 5.5
MAC 8.5 5.5
MAC 8.5 5.5
MAC 8.5 5.5
MAC 8.5 5.5
MAC 8.5 5.5
MAC 8.5 5.5
MAC 8.5 5.5
MAC 8.5 5.5
MAC 8.5 5.5
MAC 8.5 5.5
MAC 8.5 5.5
MAC 8.5 5.5
MAC 8.5 5.5
MAC 8.5 5.5
MAC 8.5 5.5
MAC 8.5 5.5
MAC 8.5 5.5
MAC 8.5 5.5
MAC 8.5 5.5
MAC 8.5 5.5
MAC 8.5 5.5
MR 7 4.5
MAC 8.5 5.5
MAC 8.5 5.5
MAC 8.5 5.5
MAC 8.5 5.5
MAC 8.5 5.5
MAC 8.5 5.5
MAC 8.5 5.5
MAC 8.5 5.5
QA 6 3.5
QA 6 3.5
QA 6 3.5
DG 6.5 6.5
DG 6.5 6.5
DG 6.5 6.5
JA 7 7
H 4 4
GA 5 6.5
DR 7 6.5
DR 7 6.5
DR 7 6.5
DR 7 6.5
DR 7 6.5
DR 7 6.5
DR 7 6.5
DR 7 6.5
DR 7 6.5
DR 7 6.5
DR 7 6.5
DR 7 6.5
DR 7 6.5
DR 7 6.5
DR 7 6.5
DR 7 6.5
DR 7 6.5
DR 7 6.5
DR 7 6.5
DR 7 6.5
DR 7 6.5
DR 7 6.5
DR 7 6.5
DR 7 6.5
DR 7 6.5
DR 7 6.5
DR 7 6.5
DR 7 6.5
DR 7 6.5
DR 7 6.5
DR 7 6.5
DR 7 6.5
DR 7 6.5
DR 7 6.5
DR 7 6.5
DR 7 6.5
DR 7 6.5
DR 7 6.5
DR 7 6.5
DR 7 6.5
DR 7 6.5
WY not found
MR 7 4.5
AM 3.5 4.5
AM 3.5 4.5
AM 3.5 4.5
AM 3.5 4.5
AM 3.5 4.5
AM 3.5 4.5
AM 3.5 4.5
AM 3.5 4.5
AM 3.5 4.5
AM 3.5 4.5
AM 3.5 4.5
AM 3.5 4.5
AM 3.5 4.5
AM 3.5 4.5
AM 3.5 4.5
AM 3.5 4.5
AM 3.5 4.5
AM 3.5 4.5
AM 3.5 4.5
AM 3.5 4.5
AM 3.5 4.5
AM 3.5 4.5
DB 4 5
DB 4 5
DB 4 5
DB 4 5
DB 4 5
DB 4 5
MI 7 4.5
MI 7 4.5
FA 8 8
FA 8 8
FA 8 8
FA 8 8
F 6.5 7.5
PCC 6.5 2.5
PCC 6.5 2.5
FA 8 8
FA 8 8
FA 8 8
BR 4 5.5
JC 5 5
JC 5 5
FA 8 8
JA 7 7
MR 7 4.5
MR 7 4.5
JA 7 7
SN 5 7
WAA 7 5.5
SEA 4.5 6
MG 1.5 2.5
AA 3.5 3.5
AM 3.5 4.5
MI 7 4.5
GA 5 6.5
GA 5 6.5
AS 4.5 4.5
AF 2.5 4.5
AG 2 4
AG 2 4
AG 2 4
AF 2.5 4.5
AG 2 4
WCD 5 5
WCD 5 5
WCD 5 5
AF 2.5 4.5
AF 2.5 4.5
AF 2.5 4.5
AF 2.5 4.5
AF 2.5 4.5
AF 2.5 4.5
AF 2.5 4.5
AF 2.5 4.5
AF 2.5 4.5
AF 2.5 4.5
AF 2.5 4.5
AF 2.5 4.5
AF 2.5 4.5
AF 2.5 4.5
AF 2.5 4.5
AF 2.5 4.5
AF 2.5 4.5
AF 2.5 4.5
AF 2.5 4.5
AF 2.5 4.5
AF 2.5 4.5
AF 2.5 4.5
AF 2.5 4.5
AF 2.5 4.5
AF 2.5 4.5
DG 6.5 6.5
DG 6.5 6.5
G 4.5 6.5
AM 3.5 4.5
AI 1 4.5
AI 1 4.5
AI 1 4.5
AI 1 4.5
AI 1 4.5
AI 1 4.5
AI 1 4.5
AI 1 4.5
AI 1 4.5
AI 1 4.5
AI 1 4.5
AI 1 4.5
AI 1 4.5
AI 1 4.5
AI 1 4.5
AI 1 4.5
AI 1 4.5
AI 1 4.5
AI 1 4.5
AI 1 4.5
AI 1 4.5
AI 1 4.5
AI 1 4.5
AI 1 4.5
AI 1 4.5
AI 1 4.5
AI 1 4.5
JA 7 7
DR 7 6.5
DR 7 6.5
DR 7 6.5
DG 6.5 6.5
DG 6.5 6.5
DG 6.5 6.5
DG 6.5 6.5
DG 6.5 6.5
DG 6.5 6.5
WCN 4.5 5
WCN 4.5 5
AN 7 5.5
DG 6.5 6.5
DG 6.5 6.5
DR 7 6.5
DR 7 6.5
AA 3.5 3.5
PAA 5.5 5
PAA 5.5 5
MBG 7 3.5
MBG 7 3.5
MBG 7 3.5
MBG 7 3.5
MBG 7 3.5
MR 7 4.5
MR 7 4.5
MR 7 4.5
MR 7 4.5
MBG 7 3.5
MBG 7 3.5
MBG 7 3.5
MCA 5 6
MBG 7 3.5
MBG 7 3.5
MBG 7 3.5
OA 2 1.5
OA 2 1.5
OA 2 1.5
OA 2 1.5
OB 3.5 2
MR 7 4.5
DG 6.5 6.5
DG 6.5 6.5
DG 6.5 6.5
DG 6.5 6.5
DG 6.5 6.5
DG 6.5 6.5
DR 7 6.5
DG 6.5 6.5
DG 6.5 6.5
DG 6.5 6.5
AN 7 5.5
AM 3.5 4.5
AN 7 5.5
AN 7 5.5
AN 7 5.5
AN 7 5.5
AN 7 5.5
AN 7 5.5
AN 7 5.5
AN 7 5.5
AN 7 5.5
AN 7 5.5
AN 7 5.5
AN 7 5.5
AN 7 5.5
AN 7 5.5
AN 7 5.5
AN 7 5.5
AN 7 5.5
AN 7 5.5
AN 7 5.5
AN 7 5.5
AN 7 5.5
AN 7 5.5
AN 7 5.5
AN 7 5.5
AN 7 5.5
AN 7 5.5
JM 5 4
DR 7 6.5
DR 7 6.5
DR 7 6.5
DR 7 6.5
SEA 4.5 6
H 4 4
MR 7 4.5
H 4 4
JA 7 7
DG 6.5 6.5
DG 6.5 6.5
DG 6.5 6.5
DG 6.5 6.5
DG 6.5 6.5
DG 6.5 6.5
DG 6.5 6.5
FA 8 8
GA 5 6.5
GA 5 6.5
DG 6.5 6.5
DG 6.5 6.5
DG 6.5 6.5
DG 6.5 6.5
DG 6.5 6.5
DR 7 6.5
DR 7 6.5
MR 7 4.5
MR 7 4.5
MR 7 4.5
MR 7 4.5
MR 7 4.5
DR 7 6.5
DR 7 6.5
JA 7 7
JA 7 7
JA 7 7
DR 7 6.5
DR 7 6.5
DR 7 6.5
DR 7 6.5
DR 7 6.5
DR 7 6.5
DR 7 6.5
DR 7 6.5
DG 6.5 6.5
DG 6.5 6.5
JR 7 7
DG 6.5 6.5
DG 6.5 6.5
H 4 4
DG 6.5 6.5
DG 6.5 6.5
AM 3.5 4.5
AM 3.5 4.5
AF 2.5 4.5
AF 2.5 4.5
DG 6.5 6.5
DG 6.5 6.5
AT 2 3
BV 3.5 3.5
WCD 5 5
WCD 5 5
WCD 5 5
WCD 5 5
WCD 5 5
WCD 5 5
BL 5 1.5
BL 5 1.5
AM 3.5 4.5
BL 5 1.5
BL 5 1.5
BL 5 1.5
BL 5 1.5
BL 5 1.5
BL 5 1.5
BL 5 1.5
BL 5 1.5
BL 5 1.5
BL 5 1.5
BL 5 1.5
BL 5 1.5
BL 5 1.5
BL 5 1.5
BL 5 1.5
BL 5 1.5
BL 5 1.5
BL 5 1.5
BL 5 1.5
BL 5 1.5
BL 5 1.5
BL 5 1.5
BL 5 1.5
BL 5 1.5
BL 5 1.5
BL 5 1.5
BL 5 1.5
BL 5 1.5
BL 5 1.5
BL 5 1.5
BL 5 1.5
BL 5 1.5
BL 5 1.5
BL 5 1.5
BL 5 1.5
BL 5 1.5
BL 5 1.5
BL 5 1.5
BL 5 1.5
BL 5 1.5
BL 5 1.5
BL 5 1.5
BL 5 1.5
BL 5 1.5
BR 4 5.5
BR 4 5.5
BR 4 5.5
AP 4 3.5
FA 8 8
FA 8 8
FA 8 8
FA 8 8
FA 8 8
FA 8 8
FA 8 8
FA 8 8
H 4 4
GA 5 6.5
GA 5 6.5
GA 5 6.5
SNC 4.5 6
MCA 5 6
MR 7 4.5
MR 7 4.5
MR 7 4.5
MR 7 4.5
MR 7 4.5
MR 7 4.5
MCA 5 6
MCA 5 6
MR 7 4.5
MI 7 4.5
WAC 4.5 3
MR 7 4.5
MR 7 4.5
MCA 5 6
MCA 5 6
MCA 5 6
MCA 5 6
MCA 5 6
MCA 5 6
MCA 5 6
MCA 5 6
MCA 5 6
MCA 5 6
MCA 5 6
MCA 5 6
MCA 5 6
MCA 5 6
MCA 5 6
MCA 5 6
MCA 5 6
MCA 5 6
MCA 5 6
MCA 5 6
MCA 5 6
MCA 5 6
MCA 5 6
MCA 5 6
MCA 5 6
MCA 5 6
MCA 5 6
MCA 5 6
MCA 5 6
MCA 5 6
MCA 5 6
MCA 5 6
MCA 5 6
MCA 5 6
MCA 5 6
MCA 5 6
MCA 5 6
MCA 5 6
MCA 5 6
MR 7 4.5
MR 7 4.5
MR 7 4.5
MCA 5 6
MCA 5 6
MCA 5 6
MCA 5 6
MCA 5 6
MCA 5 6
MCA 5 6
MCA 5 6
MCA 5 6
MCA 5 6
MCA 5 6
MCA 5 6
MCA 5 6
MCA 5 6
MCA 5 6
MCA 5 6
MCA 5 6
MCA 5 6
MI 7 4.5
MCA 5 6
DG 6.5 6.5
DG 6.5 6.5
MR 7 4.5
MR 7 4.5
MR 7 4.5
H 4 4
WC 4 4
DR 7 6.5
DR 7 6.5
DR 7 6.5
H 4 4
JA 7 7
H 4 4
DR 7 6.5
DG 6.5 6.5
DG 6.5 6.5
SEA 4.5 6
SEA 4.5 6
AM 3.5 4.5
SC 4 7
BP 10 8.5
SC 4 7
SEA 4.5 6
SEA 4.5 6
SEA 4.5 6
SEA 4.5 6
SEA 4.5 6
MI 7 4.5
AP 4 3.5
MR 7 4.5
MR 7 4.5
MR 7 4.5
WCG 6.5 6.5
WE 4 3.5
WCG 6.5 6.5
WE 4 3.5
QC 4.5 4
QC 4.5 4
QC 4.5 4
QC 4.5 4
H 4 4
FA 8 8
FA 8 8
H 4 4
JM 5 4
DR 7 6.5
OE 4.5 2.5
BH 4.5 4
BH 4.5 4
BH 4.5 4
BH 4.5 4
SEC 4.5 6
GA 5 6.5
GA 5 6.5
GA 5 6.5
GA 5 6.5
GA 5 6.5
JA 7 7
JA 7 7
JA 7 7
JA 7 7
JA 7 7
JA 7 7
JA 7 7
JA 7 7
JA 7 7
JA 7 7
JA 7 7
JA 7 7
JA 7 7
JA 7 7
J 5.5 5.5
JA 7 7
JA 7 7
PA 5.5 4
P 5.5 4.5
PAC 3 4
PAC 3 4
PAC 3 4
PAC 3 4
PAC 3 4
PAC 3 4
PAC 3 4
PAC 3 4
PAC 3 4
PAC 3 4
PAA 5.5 5
BAR 4.5 2.5
PCA 5 3.5
PCA 5 3.5
DG 6.5 6.5
DR 7 6.5
DR 7 6.5
JA 7 7
JA 7 7
JA 7 7
JA 7 7
JA 7 7
JA 7 7
PAA 5.5 5
PAA 5.5 5
BH 4.5 4
BH 4.5 4
BH 4.5 4
BH 4.5 4
BH 4.5 4
DR 7 6.5
BTM not found
MR 7 4.5
MR 7 4.5
H 4 4
H 4 4
H 4 4
DR 7 6.5
DR 7 6.5
SN 5 7
MR 7 4.5
MI 7 4.5
BP 10 8.5
MR 7 4.5
MR 7 4.5
AA 3.5 3.5
MR 7 4.5
MR 7 4.5
DG 6.5 6.5
DI 5 5
DG 6.5 6.5
DG 6.5 6.5
DG 6.5 6.5
DG 6.5 6.5
DR 7 6.5
AT 2 3
AT 2 3
JK 5 4.5
JK 5 4.5
JK 5 4.5
JK 5 4.5
JK 5 4.5
AM 3.5 4.5
FA 8 8
PE 8.5 8.5
JK 5 4.5
AM 3.5 4.5
WY not found
BJS 1 2.5
BJS 1 2.5
BJC 1 3.5
BJP 1 2.5
BJP 1 2.5
BJC 1 3.5
BJC 1 3.5
BJC 1 3.5
BJC 1 3.5
BJC 1 3.5
BR 4 5.5
BR 4 5.5
SEA 4.5 6
BJC 1 3.5
BJC 1 3.5
AM 3.5 4.5
AG 2 4
AS 4.5 4.5
AS 4.5 4.5
AS 4.5 4.5
AS 4.5 4.5
DR 7 6.5
DR 7 6.5
DR 7 6.5
DR 7 6.5
AS 4.5 4.5
AP 4 3.5
DG 6.5 6.5
H 4 4
DG 6.5 6.5
DG 6.5 6.5
AF 2.5 4.5
AP 4 3.5
FA 8 8
H 4 4
WC 4 4
H 4 4
H 4 4
DR 7 6.5
MR 7 4.5
MR 7 4.5
MR 7 4.5
MR 7 4.5
MR 7 4.5
DR 7 6.5
DR 7 6.5
DR 7 6.5
DR 7 6.5
DR 7 6.5
DR 7 6.5
DR 7 6.5
DR 7 6.5
DR 7 6.5
DR 7 6.5
DR 7 6.5
DR 7 6.5
DR 7 6.5
DR 7 6.5
DR 7 6.5
DR 7 6.5
DR 7 6.5
DR 7 6.5
DR 7 6.5
MR 7 4.5
MR 7 4.5
MR 7 4.5
MIG 6 4
MR 7 4.5
MR 7 4.5
MR 7 4.5
MR 7 4.5
MR 7 4.5
MR 7 4.5
MR 7 4.5
DR 7 6.5
DR 7 6.5
DR 7 6.5
DR 7 6.5
DR 7 6.5
DR 7 6.5
J 5.5 5.5
JR 7 7
JR 7 7
DR 7 6.5
JR 7 7
JR 7 7
DR 7 6.5
MR 7 4.5
MR 7 4.5
MR 7 4.5
MR 7 4.5
MR 7 4.5
DR 7 6.5
DR 7 6.5
DR 7 6.5
DR 7 6.5
DR 7 6.5
DR 7 6.5
DR 7 6.5
DR 7 6.5
DR 7 6.5
DR 7 6.5
DR 7 6.5
DR 7 6.5
DR 7 6.5
DR 7 6.5
DR 7 6.5
DR 7 6.5
DR 7 6.5
DR 7 6.5
DR 7 6.5
DR 7 6.5
DR 7 6.5
DR 7 6.5
DR 7 6.5
DR 7 6.5
DR 7 6.5
J 5.5 5.5
JR 7 7
JR 7 7
JR 7 7
DR 7 6.5
DR 7 6.5
DR 7 6.5
DR 7 6.5
DR 7 6.5
DR 7 6.5
DR 7 6.5
DR 7 6.5
DR 7 6.5
DR 7 6.5
DR 7 6.5
DR 7 6.5
DR 7 6.5
DR 7 6.5
FA 8 8
AA 3.5 3.5
BR 4 5.5
BR 4 5.5
BR 4 5.5
BR 4 5.5
BR 4 5.5
BR 4 5.5
JM 5 4
JA 7 7
DB 4 5
DR 7 6.5
FA 8 8
FA 8 8
FA 8 8
FA 8 8
FA 8 8
FA 8 8
FA 8 8
FA 8 8
FA 8 8
FA 8 8
BR 4 5.5
MR 7 4.5
H 4 4
H 4 4
H 4 4
WCG 6.5 6.5
WCG 6.5 6.5
MR 7 4.5
MR 7 4.5
DR 7 6.5
AP 4 3.5
AP 4 3.5
JA 7 7
WCG 6.5 6.5
WCG 6.5 6.5
WCG 6.5 6.5
WC 4 4
WC 4 4
WCG 6.5 6.5
WC 4 4
FA 8 8
PAA 5.5 5
PAA 5.5 5
PAA 5.5 5
PAA 5.5 5
PAA 5.5 5
OF 1.5 2
DG 6.5 6.5
DG 6.5 6.5
DG 6.5 6.5
DG 6.5 6.5
MR 7 4.5
MR 7 4.5
MR 7 4.5
MCC 5.5 6.5
MCC 5.5 6.5
MCC 5.5 6.5
MCC 5.5 6.5
MCC 5.5 6.5
MCC 5.5 6.5
MCC 5.5 6.5
AT 2 3
FA 8 8
AN 7 5.5
JA 7 7
JA 7 7
JA 7 7
JC 5 5
CDE 7 5
QI 4.5 2.5
CD 7 5.5
CA 5 5.5
CA 5 5.5
CA 5 5.5
CA 5 5.5
CA 5 5.5
CA 5 5.5
CA 5 5.5
CA 5 5.5
CA 5 5.5
CA 5 5.5
CA 5 5.5
CA 5 5.5
CA 5 5.5
CA 5 5.5
CA 5 5.5
CA 5 5.5
FA 8 8
MR 7 4.5
DG 6.5 6.5
PCA 5 3.5
MR 7 4.5
MR 7 4.5
DR 7 6.5
BTM not found
BTM not found
BTM not found
BTM not found
BTM not found
BTM not found
BTM not found
OA 2 1.5
FA 8 8
H 4 4
DG 6.5 6.5
DG 6.5 6.5
DG 6.5 6.5
H 4 4
AM 3.5 4.5
FA 8 8
FA 8 8
FA 8 8
FA 8 8
FA 8 8
JR 7 7
JR 7 7
JR 7 7
JR 7 7
JR 7 7
JR 7 7
JR 7 7
JR 7 7
JR 7 7
JR 7 7
JA 7 7
AS 4.5 4.5
AS 4.5 4.5
DR 7 6.5
DR 7 6.5
DR 7 6.5
DR 7 6.5
DR 7 6.5
DR 7 6.5
AS 4.5 4.5
DR 7 6.5
DR 7 6.5
AS 4.5 4.5
DR 7 6.5
DR 7 6.5
AM 3.5 4.5
AM 3.5 4.5
AM 3.5 4.5
JA 7 7
JA 7 7
JA 7 7
AA 3.5 3.5
AA 3.5 3.5
AA 3.5 3.5
AA 3.5 3.5
AA 3.5 3.5
AA 3.5 3.5
AA 3.5 3.5
AA 3.5 3.5
AA 3.5 3.5
AA 3.5 3.5
AA 3.5 3.5
AA 3.5 3.5
AA 3.5 3.5
AA 3.5 3.5
AA 3.5 3.5
AA 3.5 3.5
AA 3.5 3.5
JA 7 7
MI 7 4.5
MI 7 4.5
MI 7 4.5
BNS 6.5 7
BN 8 6
BN 8 6
FA 8 8
FA 8 8
BR 4 5.5
SEC 4.5 6
PCA 5 3.5
PCA 5 3.5
PCC 6.5 2.5
PCC 6.5 2.5
PCC 6.5 2.5
PCC 6.5 2.5
PCC 6.5 2.5
PCC 6.5 2.5
PE 8.5 8.5
SEC 4.5 6
FA 8 8
SEC 4.5 6
DR 7 6.5
DR 7 6.5
AS 4.5 4.5
H 4 4
DR 7 6.5
H 4 4
DG 6.5 6.5
AN 7 5.5
AN 7 5.5
WY not found
BTM not found
OF 1.5 2
DG 6.5 6.5
DG 6.5 6.5
MG 1.5 2.5
MG 1.5 2.5
MG 1.5 2.5
H 4 4
H 4 4
AN 7 5.5
SC 4 7
MCE 5.5 4.5
MCE 5.5 4.5
FA 8 8
FA 8 8
FA 8 8
FA 8 8
MR 7 4.5
DG 6.5 6.5
DG 6.5 6.5
DG 6.5 6.5
DG 6.5 6.5
DG 6.5 6.5
DG 6.5 6.5
DG 6.5 6.5
PE 8.5 8.5
PE 8.5 8.5
FA 8 8
FA 8 8
FA 8 8
FA 8 8
FA 8 8
FA 8 8
FA 8 8
WY not found
WY not found
DI 5 5
FA 8 8
FA 8 8
FA 8 8
FA 8 8
FA 8 8
FA 8 8
FA 8 8
MCG 2.5 3
MCG 2.5 3
WC 4 4
FA 8 8
FA 8 8
AP 4 3.5
AP 4 3.5
JA 7 7
JA 7 7
JA 7 7
JA 7 7
JA 7 7
JA 7 7
JA 7 7
JA 7 7
JA 7 7
JA 7 7
JA 7 7
JA 7 7
JA 7 7
JA 7 7
JA 7 7
JA 7 7
JA 7 7
JA 7 7
JA 7 7
JA 7 7
JA 7 7
JA 7 7
JA 7 7
JA 7 7
MI 7 4.5
JA 7 7
JA 7 7
JA 7 7
JA 7 7
JA 7 7
JA 7 7
JA 7 7
JA 7 7
SEC 4.5 6
SEC 4.5 6
MAA 6.5 3.5
MAA 6.5 3.5
MAA 6.5 3.5
MAA 6.5 3.5
MEA 2.5 1.5
MEA 2.5 1.5
GA 5 6.5
GA 5 6.5
MG 1.5 2.5
MG 1.5 2.5
MG 1.5 2.5
MG 1.5 2.5
MG 1.5 2.5
MG 1.5 2.5
JC 5 5
JC 5 5
JC 5 5
JC 5 5
PCC 6.5 2.5
PCC 6.5 2.5
PCC 6.5 2.5
JC 5 5
JA 7 7
JA 7 7
WC 4 4
SC 4 7
SC 4 7
PAA 5.5 5
PAA 5.5 5
PAA 5.5 5
PAA 5.5 5
WCN 4.5 5
DG 6.5 6.5
AP 4 3.5
MR 7 4.5
DB 4 5
BP 10 8.5
BP 10 8.5
BP 10 8.5
SC 4 7
BP 10 8.5
BP 10 8.5
BP 10 8.5
BP 10 8.5
BP 10 8.5
BP 10 8.5
AN 7 5.5
S 4.5 6.5
S 4.5 6.5
SC 4 7
SC 4 7
BR 4 5.5
BR 4 5.5
PAA 5.5 5
PAA 5.5 5
JC 5 5
DG 6.5 6.5
AM 3.5 4.5
AS 4.5 4.5
SC 4 7
SC 4 7
SC 4 7
FA 8 8
AP 4 3.5
BR 4 5.5
BR 4 5.5
BR 4 5.5
JA 7 7
FA 8 8
JA 7 7
JA 7 7
MR 7 4.5
JR 7 7
DR 7 6.5
DR 7 6.5
MR 7 4.5
MR 7 4.5
MR 7 4.5
DR 7 6.5
DR 7 6.5
MG 1.5 2.5
MG 1.5 2.5
MG 1.5 2.5
MG 1.5 2.5
MG 1.5 2.5
MG 1.5 2.5
MG 1.5 2.5
JC 5 5
JC 5 5
JC 5 5
FA 8 8
FA 8 8
BP 10 8.5
MR 7 4.5
MR 7 4.5
DG 6.5 6.5
DG 6.5 6.5
BP 10 8.5
FA 8 8
QA 6 3.5
QA 6 3.5
QA 6 3.5
QA 6 3.5
QA 6 3.5
MR 7 4.5
MAE 7.5 4.5
MAE 7.5 4.5
MAE 7.5 4.5
MAE 7.5 4.5
MAE 7.5 4.5
MAE 7.5 4.5
MAE 7.5 4.5
MAE 7.5 4.5
MAE 7.5 4.5
MAE 7.5 4.5
MAE 7.5 4.5
MAE 7.5 4.5
MAE 7.5 4.5
MAE 7.5 4.5
MAE 7.5 4.5
MAE 7.5 4.5
MAE 7.5 4.5
MAE 7.5 4.5
MAE 7.5 4.5
MAE 7.5 4.5
MAE 7.5 4.5
MAE 7.5 4.5
MAE 7.5 4.5
MAE 7.5 4.5
MAE 7.5 4.5
MAE 7.5 4.5
MAE 7.5 4.5
MAE 7.5 4.5
MAE 7.5 4.5
MAE 7.5 4.5
MAE 7.5 4.5
MAE 7.5 4.5
MAE 7.5 4.5
MAE 7.5 4.5
MAE 7.5 4.5
MAE 7.5 4.5
MAE 7.5 4.5
MAE 7.5 4.5
MAE 7.5 4.5
MAE 7.5 4.5
MAE 7.5 4.5
MAE 7.5 4.5
MAE 7.5 4.5
MAE 7.5 4.5
MAE 7.5 4.5
MAE 7.5 4.5
MAE 7.5 4.5
MAE 7.5 4.5
MAE 7.5 4.5
MAE 7.5 4.5
MAE 7.5 4.5
MAE 7.5 4.5
MAE 7.5 4.5
MAE 7.5 4.5
MAE 7.5 4.5
MAE 7.5 4.5
MAE 7.5 4.5
MAE 7.5 4.5
MAE 7.5 4.5
MAE 7.5 4.5
MAE 7.5 4.5
MAE 7.5 4.5
MAE 7.5 4.5
MAE 7.5 4.5
MR 7 4.5
MAE 7.5 4.5
MAE 7.5 4.5
MAE 7.5 4.5
MAE 7.5 4.5
MAE 7.5 4.5
MAE 7.5 4.5
MAE 7.5 4.5
MAE 7.5 4.5
MAE 7.5 4.5
MAE 7.5 4.5
MAE 7.5 4.5
MAE 7.5 4.5
MAE 7.5 4.5
MAE 7.5 4.5
MAE 7.5 4.5
MAE 7.5 4.5
MAE 7.5 4.5
MAE 7.5 4.5
MAE 7.5 4.5
MAE 7.5 4.5
MAE 7.5 4.5
MAE 7.5 4.5
MAE 7.5 4.5
MAE 7.5 4.5
MAE 7.5 4.5
MAE 7.5 4.5
MAE 7.5 4.5
MAE 7.5 4.5
MAE 7.5 4.5
MAE 7.5 4.5
MAE 7.5 4.5
MAE 7.5 4.5
MAE 7.5 4.5
MAE 7.5 4.5
MAE 7.5 4.5
MAE 7.5 4.5
MAE 7.5 4.5
MAE 7.5 4.5
MAE 7.5 4.5
MAE 7.5 4.5
MAE 7.5 4.5
MR 7 4.5
MR 7 4.5
JK 5 4.5
OF 1.5 2
MR 7 4.5
MR 7 4.5
MR 7 4.5
DR 7 6.5
DR 7 6.5
DR 7 6.5
BN 8 6
DR 7 6.5
DR 7 6.5
DR 7 6.5
DR 7 6.5
DG 6.5 6.5
DG 6.5 6.5
MR 7 4.5
SC 4 7
S 4.5 6.5
PE 8.5 8.5
FC 8 7
FA 8 8
JA 7 7
JA 7 7
JA 7 7
JA 7 7
JA 7 7
PCA 5 3.5
PCC 6.5 2.5
FA 8 8
FA 8 8
FA 8 8
DR 7 6.5
DR 7 6.5
DR 7 6.5
DR 7 6.5
DR 7 6.5
DR 7 6.5
DR 7 6.5
DR 7 6.5
DR 7 6.5
DB 4 5
DB 4 5
DB 4 5
DB 4 5
DG 6.5 6.5
PCC 6.5 2.5
PCC 6.5 2.5
FC 8 7
FA 8 8
FA 8 8
JA 7 7
QI 4.5 2.5
QI 4.5 2.5
QI 4.5 2.5
SEC 4.5 6
H 4 4
MR 7 4.5
MR 7 4.5
MI 7 4.5
MG 1.5 2.5
MG 1.5 2.5
MG 1.5 2.5
MG 1.5 2.5
MG 1.5 2.5
MG 1.5 2.5
MG 1.5 2.5
MG 1.5 2.5
MG 1.5 2.5
MG 1.5 2.5
JK 5 4.5
JK 5 4.5
FA 8 8
FA 8 8
FA 8 8
BP 10 8.5
BP 10 8.5
FA 8 8
FA 8 8
FA 8 8
FA 8 8
DG 6.5 6.5
PCA 5 3.5
MI 7 4.5
FA 8 8
FA 8 8
G 4.5 6.5
AD 4.5 3
CDH 4 4.5
H 4 4
JC 5 5
JC 5 5
JC 5 5
JC 5 5
SEA 4.5 6
FA 8 8
FA 8 8
DG 6.5 6.5
FA 8 8
FA 8 8
FA 8 8
H 4 4
SC 4 7
DG 6.5 6.5
DG 6.5 6.5
DG 6.5 6.5
SEA 4.5 6
SEC 4.5 6
GA 5 6.5
GA 5 6.5
DG 6.5 6.5
DG 6.5 6.5
WC 4 4
WCG 6.5 6.5
WCG 6.5 6.5
DR 7 6.5
MR 7 4.5
MR 7 4.5
MI 7 4.5
MR 7 4.5
FA 8 8
GA 5 6.5
FA 8 8
FA 8 8
FA 8 8
FA 8 8
FA 8 8
FA 8 8
FA 8 8
FA 8 8
FA 8 8
FA 8 8
FA 8 8
FA 8 8
FA 8 8
FA 8 8
BR 4 5.5
BR 4 5.5
DR 7 6.5
AF 2.5 4.5
BH 4.5 4
PAA 5.5 5
BH 4.5 4
BH 4.5 4
BH 4.5 4
BA 3 4
BAB 3 4.5
BAB 3 4.5
BAB 3 4.5
BAR 4.5 2.5
BAR 4.5 2.5
BAR 4.5 2.5
BAR 4.5 2.5
BAR 4.5 2.5
BC 4 3
BC 4 3
BC 4 3
BC 4 3
BAH 2 4.5
BAH 2 4.5
BAH 2 4.5
BAH 2 4.5
BC 4 3
BAR 4.5 2.5
BAE 2 4.5
BAE 2 4.5
BAE 2 4.5
BAE 2 4.5
BC 4 3
BC 4 3
BAK 5 4
BAK 5 4
BAK 5 4
BAK 5 4
BAR 4.5 2.5
SEA 4.5 6
AP 4 3.5
AS 4.5 4.5
SC 4 7
S 4.5 6.5
AM 3.5 4.5
WCN 4.5 5
WC 4 4
H 4 4
H 4 4
H 4 4
H 4 4
SC 4 7
JA 7 7
JA 7 7
JA 7 7
AF 2.5 4.5
MR 7 4.5
MR 7 4.5
DR 7 6.5
DR 7 6.5
BR 4 5.5
BR 4 5.5
AI 1 4.5
AI 1 4.5
AN 7 5.5
AN 7 5.5
AN 7 5.5
AP 4 3.5
AP 4 3.5
AP 4 3.5
FA 8 8
FA 8 8
FA 8 8
JA 7 7
JA 7 7
JA 7 7
JA 7 7
JA 7 7
JA 7 7
DI 5 5
DG 6.5 6.5
DG 6.5 6.5
DG 6.5 6.5
DG 6.5 6.5
DG 6.5 6.5
DG 6.5 6.5
DG 6.5 6.5
DG 6.5 6.5
DG 6.5 6.5
DG 6.5 6.5
DG 6.5 6.5
DG 6.5 6.5
DG 6.5 6.5
JM 5 4
JM 5 4
JM 5 4
DG 6.5 6.5
DG 6.5 6.5
DG 6.5 6.5
WY not found
H 4 4
WY not found
WY not found
WY not found
FA 8 8
FA 8 8
AD 4.5 3
AD 4.5 3
AD 4.5 3
AD 4.5 3
AD 4.5 3
AD 4.5 3
SEC 4.5 6
DR 7 6.5
DR 7 6.5
DR 7 6.5
DR 7 6.5
DR 7 6.5
DR 7 6.5
DR 7 6.5
DR 7 6.5
DR 7 6.5
DR 7 6.5
DR 7 6.5
DR 7 6.5
DR 7 6.5
DR 7 6.5
H 4 4
GA 5 6.5
AM 3.5 4.5
AM 3.5 4.5
JM 5 4
OC 2 2
OC 2 2
OC 2 2
OC 2 2
OC 2 2
OC 2 2
OC 2 2
OC 2 2
OC 2 2
OC 2 2
OC 2 2
OC 2 2
OC 2 2
OC 2 2
OC 2 2
OC 2 2
OC 2 2
OC 2 2
DR 7 6.5
DR 7 6.5
DG 6.5 6.5
DG 6.5 6.5
DG 6.5 6.5
FA 8 8
FA 8 8
CD 7 5.5
CDE 7 5
CD 7 5.5
CD 7 5.5
WCD 5 5
WCD 5 5
WCD 5 5
DG 6.5 6.5
DG 6.5 6.5
DG 6.5 6.5
D 4.5 5.5
DG 6.5 6.5
DG 6.5 6.5
DG 6.5 6.5
DG 6.5 6.5
DG 6.5 6.5
DG 6.5 6.5
FC 8 7
FC 8 7
FC 8 7
FC 8 7
JC 5 5
FA 8 8
FA 8 8
H 4 4
H 4 4
FA 8 8
PAA 5.5 5
PAA 5.5 5
PAA 5.5 5
PAA 5.5 5
MG 1.5 2.5
MG 1.5 2.5
MG 1.5 2.5
JM 5 4
JM 5 4
DG 6.5 6.5
DR 7 6.5
DR 7 6.5
DR 7 6.5
DR 7 6.5
DR 7 6.5
DR 7 6.5
DR 7 6.5
DR 7 6.5
DR 7 6.5
AT 2 3
AT 2 3
AT 2 3
AT 2 3
AT 2 3
DR 7 6.5
DR 7 6.5
AS 4.5 4.5
AS 4.5 4.5
AS 4.5 4.5
JA 7 7
JA 7 7
JA 7 7
AF 2.5 4.5
FA 8 8
FA 8 8
DG 6.5 6.5
H 4 4
AF 2.5 4.5
JA 7 7
H 4 4
H 4 4
DG 6.5 6.5
DG 6.5 6.5
MCI 2 3
MCI 2 3
FC 8 7
FA 8 8
FA 8 8
AD 4.5 3
AD 4.5 3
MR 7 4.5
MR 7 4.5
AD 4.5 3
AD 4.5 3
AD 4.5 3
AD 4.5 3
AD 4.5 3
AD 4.5 3
AD 4.5 3
AD 4.5 3
AD 4.5 3
AD 4.5 3
AD 4.5 3
AD 4.5 3
AD 4.5 3
AD 4.5 3
AD 4.5 3
AD 4.5 3
AD 4.5 3
AD 4.5 3
DR 7 6.5
AP 4 3.5
AP 4 3.5
AP 4 3.5
AP 4 3.5
AP 4 3.5
AP 4 3.5
AO 3 3.5
AO 3 3.5
AO 3 3.5
AO 3 3.5
AO 3 3.5
AO 3 3.5
AO 3 3.5
AO 3 3.5
AO 3 3.5
AO 3 3.5
AO 3 3.5
AO 3 3.5
AO 3 3.5
AO 3 3.5
AO 3 3.5
DR 7 6.5
DR 7 6.5
MI 7 4.5
MI 7 4.5
JR 7 7
DG 6.5 6.5
BR 4 5.5
BR 4 5.5
BP 10 8.5
FA 8 8
FA 8 8
FA 8 8
FA 8 8
SEC 4.5 6
GA 5 6.5
GA 5 6.5
GA 5 6.5
GA 5 6.5
GA 5 6.5
GA 5 6.5
GA 5 6.5
FA 8 8
F 6.5 7.5
F 6.5 7.5
F 6.5 7.5
FA 8 8
FA 8 8
FA 8 8
FA 8 8
FA 8 8
F 6.5 7.5
DF 4 5.5
DF 4 5.5
DF 4 5.5
DF 4 5.5
DF 4 5.5
DF 4 5.5
DF 4 5.5
DF 4 5.5
DF 4 5.5
DF 4 5.5
DF 4 5.5
DF 4 5.5
DF 4 5.5
DF 4 5.5
DF 4 5.5
DG 6.5 6.5
DF 4 5.5
GA 5 6.5
GA 5 6.5
FA 8 8
H 4 4
DG 6.5 6.5
DG 6.5 6.5
DG 6.5 6.5
DG 6.5 6.5
H 4 4
H 4 4
SEC 4.5 6
SEC 4.5 6
DG 6.5 6.5
DG 6.5 6.5
DG 6.5 6.5
DG 6.5 6.5
DR 7 6.5
DR 7 6.5
MR 7 4.5
DR 7 6.5
WC 4 4
WC 4 4
MCK 2 3.5
MCK 2 3.5
FA 8 8
WCN 4.5 5
WCG 6.5 6.5
AS 4.5 4.5
AS 4.5 4.5
AS 4.5 4.5
AS 4.5 4.5
AS 4.5 4.5
AS 4.5 4.5
BR 4 5.5
MR 7 4.5
MR 7 4.5
BV 3.5 3.5
MR 7 4.5
MI 7 4.5
MR 7 4.5
MR 7 4.5
JR 7 7
JR 7 7
AS 4.5 4.5
AS 4.5 4.5
AS 4.5 4.5
AS 4.5 4.5
AS 4.5 4.5
AS 4.5 4.5
AS 4.5 4.5
AS 4.5 4.5
AS 4.5 4.5
MI 7 4.5
AS 4.5 4.5
DR 7 6.5
DR 7 6.5
DR 7 6.5
MR 7 4.5
MI 7 4.5
MR 7 4.5
DR 7 6.5
DR 7 6.5
MCM 3 3.5
MCM 3 3.5
DR 7 6.5
DR 7 6.5
DR 7 6.5
DR 7 6.5
DR 7 6.5
JR 7 7
DR 7 6.5
GA 5 6.5
PE 8.5 8.5
FA 8 8
FA 8 8
FA 8 8
FA 8 8
FA 8 8
AP 4 3.5
GA 5 6.5
GA 5 6.5
AE 6.5 1.5
A 5 3.5
AE 6.5 1.5
AE 6.5 1.5
AE 6.5 1.5
AE 6.5 1.5
DR 7 6.5
AE 6.5 1.5
JA 7 7
JA 7 7
JA 7 7
JA 7 7
JA 7 7
JA 7 7
JA 7 7
JA 7 7
DG 6.5 6.5
DG 6.5 6.5
DG 6.5 6.5
FA 8 8
FA 8 8
FA 8 8
FA 8 8
FA 8 8
FA 8 8
FA 8 8
FA 8 8
FA 8 8
FA 8 8
FA 8 8
FA 8 8
AT 2 3
JA 7 7
JA 7 7
JA 7 7
FC 8 7
FA 8 8
FA 8 8
FA 8 8
FA 8 8
JA 7 7
JA 7 7
SN 5 7
SN 5 7
G 4.5 6.5
MR 7 4.5
MR 7 4.5
MR 7 4.5
SN 5 7
MAG 5.5 5.5
MAG 5.5 5.5
MAG 5.5 5.5
MAG 5.5 5.5
MAG 5.5 5.5
MAG 5.5 5.5
MAG 5.5 5.5
MAG 5.5 5.5
MAG 5.5 5.5
MAG 5.5 5.5
MAG 5.5 5.5
MAG 5.5 5.5
MAG 5.5 5.5
MAG 5.5 5.5
MAG 5.5 5.5
MAG 5.5 5.5
MAG 5.5 5.5
MAG 5.5 5.5
MAG 5.5 5.5
MAG 5.5 5.5
MAG 5.5 5.5
MAG 5.5 5.5
MAG 5.5 5.5
MAG 5.5 5.5
MAG 5.5 5.5
MAG 5.5 5.5
MAG 5.5 5.5
MAG 5.5 5.5
MAG 5.5 5.5
MAG 5.5 5.5
MAG 5.5 5.5
MAG 5.5 5.5
MAG 5.5 5.5
MAG 5.5 5.5
MAG 5.5 5.5
MAG 5.5 5.5
MAG 5.5 5.5
MAG 5.5 5.5
MAG 5.5 5.5
MAG 5.5 5.5
MAG 5.5 5.5
MAG 5.5 5.5
MAG 5.5 5.5
MAG 5.5 5.5
MAG 5.5 5.5
MAG 5.5 5.5
MAG 5.5 5.5
MAG 5.5 5.5
MAG 5.5 5.5
MAG 5.5 5.5
MAG 5.5 5.5
MAG 5.5 5.5
MAG 5.5 5.5
MAG 5.5 5.5
MAG 5.5 5.5
MAG 5.5 5.5
MAG 5.5 5.5
MAG 5.5 5.5
MAG 5.5 5.5
MAG 5.5 5.5
MAG 5.5 5.5
MAG 5.5 5.5
MAG 5.5 5.5
MAG 5.5 5.5
MAG 5.5 5.5
MAG 5.5 5.5
MAG 5.5 5.5
MAG 5.5 5.5
MAG 5.5 5.5
MAG 5.5 5.5
MAG 5.5 5.5
MAG 5.5 5.5
MAG 5.5 5.5
MAG 5.5 5.5
MAG 5.5 5.5
MAG 5.5 5.5
MAG 5.5 5.5
MAG 5.5 5.5
MAG 5.5 5.5
MAG 5.5 5.5
MAG 5.5 5.5
MR 7 4.5
MR 7 4.5
MR 7 4.5
MR 7 4.5
MAG 5.5 5.5
MR 7 4.5
MR 7 4.5
MAG 5.5 5.5
MAG 5.5 5.5
MAG 5.5 5.5
MAG 5.5 5.5
MAG 5.5 5.5
MAG 5.5 5.5
MAG 5.5 5.5
MR 7 4.5
MR 7 4.5
MA 8.5 6
MG 1.5 2.5
A 5 3.5
A 5 3.5
AI 1 4.5
AI 1 4.5
AI 1 4.5
QF 3 4.5
SN 5 7
SN 5 7
DR 7 6.5
DAP 4 5
DAP 4 5
DAP 4 5
DAP 4 5
DAP 4 5
DAR 4.5 5.5
DAP 4 5
DAR 4.5 5.5
DAR 4.5 5.5
DAP 4 5
DAP 4 5
DAP 4 5
DAP 4 5
DAP 4 5
DAP 4 5
DAP 4 5
DAP 4 5
DAP 4 5
DAP 4 5
DAP 4 5
SNA 7 7
SN 5 7
DAR 4.5 5.5
DAR 4.5 5.5
DAR 4.5 5.5
DAR 4.5 5.5
DAR 4.5 5.5
DAR 4.5 5.5
DA 3.5 7.5
SN 5 7
SNA 7 7
DAR 4.5 5.5
DR 7 6.5
DR 7 6.5
DR 7 6.5
DAE 4 4.5
DAE 4 4.5
DAE 4 4.5
DAE 4 4.5
DAM 4.5 5
DAM 4.5 5
DAM 4.5 5
DAM 4.5 5
DAM 4.5 5
DAM 4.5 5
DAM 4.5 5
DAM 4.5 5
DAM 4.5 5
DAM 4.5 5
DAM 4.5 5
DAM 4.5 5
DA 3.5 7.5
DAM 4.5 5
DAM 4.5 5
MCA 5 6
MCA 5 6
AT 2 3
JK 5 4.5
JK 5 4.5
JK 5 4.5
JK 5 4.5
JK 5 4.5
JK 5 4.5
Q 4.5 4
FA 8 8
BR 4 5.5
FC 8 7
FA 8 8
FA 8 8
FA 8 8
FA 8 8
FA 8 8
FA 8 8
FA 8 8
FA 8 8
FA 8 8
AS 4.5 4.5
AS 4.5 4.5
AS 4.5 4.5
AS 4.5 4.5
AS 4.5 4.5
BR 4 5.5
BR 4 5.5
BR 4 5.5
BR 4 5.5
BR 4 5.5
AS 4.5 4.5
AS 4.5 4.5
AS 4.5 4.5
AS 4.5 4.5
AS 4.5 4.5
AS 4.5 4.5
GA 5 6.5
DG 6.5 6.5
DG 6.5 6.5
AF 2.5 4.5
CD 7 5.5
CD 7 5.5
CD 7 5.5
CD 7 5.5
CD 7 5.5
CD 7 5.5
CD 7 5.5
CD 7 5.5
FA 8 8
GA 5 6.5
DR 7 6.5
DG 6.5 6.5
MEC 3 1.5
MEC 3 1.5
MEC 3 1.5
DG 6.5 6.5
DG 6.5 6.5
DG 6.5 6.5
DG 6.5 6.5
FA 8 8
WC 4 4
BV 3.5 3.5
FA 8 8
DG 6.5 6.5
FA 8 8
FA 8 8
FA 8 8
DR 7 6.5
DR 7 6.5
AC 6 3.5
JA 7 7
JA 7 7
JA 7 7
JA 7 7
JA 7 7
FA 8 8
FA 8 8
FA 8 8
JA 7 7
DR 7 6.5
WCN 4.5 5
WCN 4.5 5
FA 8 8
FA 8 8
FA 8 8
DR 7 6.5
DR 7 6.5
DR 7 6.5
DR 7 6.5
DR 7 6.5
DR 7 6.5
DR 7 6.5
DR 7 6.5
AC 6 3.5
AC 6 3.5
AC 6 3.5
AC 6 3.5
AC 6 3.5
AC 6 3.5
AC 6 3.5
AC 6 3.5
AC 6 3.5
AC 6 3.5
AC 6 3.5
AC 6 3.5
AC 6 3.5
AC 6 3.5
AC 6 3.5
AC 6 3.5
AC 6 3.5
AC 6 3.5
AC 6 3.5
AC 6 3.5
AC 6 3.5
AC 6 3.5
AC 6 3.5
AC 6 3.5
AC 6 3.5
AC 6 3.5
AC 6 3.5
AC 6 3.5
MR 7 4.5
AT 2 3
DR 7 6.5
DR 7 6.5
DR 7 6.5
DR 7 6.5
DR 7 6.5
DR 7 6.5
DR 7 6.5
DR 7 6.5
DR 7 6.5
DR 7 6.5
AN 7 5.5
JA 7 7
JA 7 7
JA 7 7
JA 7 7
JA 7 7
JA 7 7
JA 7 7
JA 7 7
JA 7 7
DG 6.5 6.5
JR 7 7
JR 7 7
JR 7 7
JA 7 7
H 4 4
H 4 4
DR 7 6.5
AP 4 3.5
AK 2 2
DR 7 6.5
H 4 4
H 4 4
H 4 4
AA 3.5 3.5
WCG 6.5 6.5
WCG 6.5 6.5
DR 7 6.5
DR 7 6.5
DR 7 6.5
DR 7 6.5
DR 7 6.5
DR 7 6.5
DR 7 6.5
DR 7 6.5
DR 7 6.5
DR 7 6.5
DR 7 6.5
DR 7 6.5
MI 7 4.5
MI 7 4.5
MR 7 4.5
JR 7 7
J 5.5 5.5
J 5.5 5.5
JC 5 5
J 5.5 5.5
J 5.5 5.5
JC 5 5
JC 5 5
JC 5 5
JC 5 5
JC 5 5
JC 5 5
JC 5 5
J 5.5 5.5
JC 5 5
JC 5 5
DG 6.5 6.5
DG 6.5 6.5
WY not found
JA 7 7
DR 7 6.5
MR 7 4.5
MI 7 4.5
DR 7 6.5
AB 8 2.5
AB 8 2.5
AB 8 2.5
AB 8 2.5
AB 8 2.5
AB 8 2.5
FA 8 8
JC 5 5
JC 5 5
JC 5 5
JC 5 5
JC 5 5
JC 5 5
JC 5 5
BV 3.5 3.5
WC 4 4
WC 4 4
DR 7 6.5
DR 7 6.5
DR 7 6.5
DR 7 6.5
WC 4 4
WC 4 4
MR 7 4.5
WC 4 4
WC 4 4
WC 4 4
WC 4 4
WC 4 4
WC 4 4
WC 4 4
WC 4 4
WCN 4.5 5
DR 7 6.5
WC 4 4
WC 4 4
WC 4 4
WC 4 4
DR 7 6.5
MI 7 4.5
MI 7 4.5
MI 7 4.5
MI 7 4.5
MI 7 4.5
MI 7 4.5
MI 7 4.5
MI 7 4.5
MI 7 4.5
MI 7 4.5
MI 7 4.5
MI 7 4.5
MI 7 4.5
MI 7 4.5
MI 7 4.5
MI 7 4.5
DR 7 6.5
MI 7 4.5
JM 5 4
JR 7 7
JK 5 4.5
JK 5 4.5
AP 4 3.5
AP 4 3.5
AP 4 3.5
AP 4 3.5
AN 7 5.5
AP 4 3.5
AP 4 3.5
WAA 7 5.5
MI 7 4.5
AP 4 3.5
AP 4 3.5
JR 7 7
JR 7 7
DG 6.5 6.5
DG 6.5 6.5
DG 6.5 6.5
DG 6.5 6.5
DG 6.5 6.5
AA 3.5 3.5
JR 7 7
GA 5 6.5
SNC 4.5 6
AS 4.5 4.5
DG 6.5 6.5
QA 6 3.5
QA 6 3.5
JA 7 7
FA 8 8
MR 7 4.5
DR 7 6.5
DR 7 6.5
QF 3 4.5
MR 7 4.5
MR 7 4.5
MR 7 4.5
AM 3.5 4.5
AN 7 5.5
JK 5 4.5
JK 5 4.5
JK 5 4.5
JK 5 4.5
JK 5 4.5
JA 7 7
JA 7 7
JA 7 7
SEA 4.5 6
PE 8.5 8.5
JA 7 7
BP 10 8.5
CD 7 5.5
CD 7 5.5
WA 6.5 4.5
WA 6.5 4.5
WAA 7 5.5
WAE 4 3.5
WAE 4 3.5
WAC 4.5 3
WAC 4.5 3
WAC 4.5 3
WAA 7 5.5
WAA 7 5.5
WAA 7 5.5
WAE 4 3.5
WAE 4 3.5
WAC 4.5 3
WAA 7 5.5
WAC 4.5 3
WA 6.5 4.5
WAA 7 5.5
WAA 7 5.5
WA 6.5 4.5
WAC 4.5 3
WAC 4.5 3
WAA 7 5.5
WAA 7 5.5
WA 6.5 4.5
WAC 4.5 3
WAA 7 5.5
WCN 4.5 5
MR 7 4.5
MR 7 4.5
MR 7 4.5
DG 6.5 6.5
DG 6.5 6.5
DI 5 5
DG 6.5 6.5
DG 6.5 6.5
DG 6.5 6.5
QK 7 4.5
JC 5 5
JC 5 5
JC 5 5
DG 6.5 6.5
DG 6.5 6.5
DG 6.5 6.5
DG 6.5 6.5
MR 7 4.5
DG 6.5 6.5
DG 6.5 6.5
DG 6.5 6.5
DG 6.5 6.5
DG 6.5 6.5
DG 6.5 6.5
JM 5 4
JM 5 4
FA 8 8
MI 7 4.5
MR 7 4.5
MR 7 4.5
MR 7 4.5
MR 7 4.5
MR 7 4.5
MR 7 4.5
WY not found
WY not found
WY not found
WY not found
WY not found
WY not found
QA 6 3.5
FA 8 8
AS 4.5 4.5
AT 2 3
AT 2 3
AT 2 3
OF 1.5 2
OF 1.5 2
FA 8 8
SC 4 7
SC 4 7
SC 4 7
SC 4 7
FA 8 8
GA 5 6.5
GA 5 6.5
JR 7 7
JR 7 7
DR 7 6.5
DG 6.5 6.5
DG 6.5 6.5
MR 7 4.5
MR 7 4.5
MR 7 4.5
DR 7 6.5
DG 6.5 6.5
DG 6.5 6.5
DG 6.5 6.5
DG 6.5 6.5
MG 1.5 2.5
MG 1.5 2.5
DG 6.5 6.5
DG 6.5 6.5
DI 5 5
DG 6.5 6.5
DG 6.5 6.5
DG 6.5 6.5
DG 6.5 6.5
SEC 4.5 6
SEC 4.5 6
SEC 4.5 6
JC 5 5
JC 5 5
JC 5 5
SC 4 7
SC 4 7
JR 7 7
DR 7 6.5
GA 5 6.5
FA 8 8
FA 8 8
H 4 4
H 4 4
DG 6.5 6.5
AA 3.5 3.5
JR 7 7
DG 6.5 6.5
DG 6.5 6.5
DG 6.5 6.5
DG 6.5 6.5
DG 6.5 6.5
DG 6.5 6.5
H 4 4
H 4 4
AS 4.5 4.5
AP 4 3.5
AP 4 3.5
WCN 4.5 5
AP 4 3.5
AS 4.5 4.5
BR 4 5.5
AP 4 3.5
AP 4 3.5
PAA 5.5 5
PAC 3 4
PAC 3 4
PAC 3 4
PAC 3 4
PAC 3 4
PAC 3 4
PAC 3 4
DB 4 5
DR 7 6.5
H 4 4
H 4 4
GA 5 6.5
JA 7 7
DR 7 6.5
BR 4 5.5
MR 7 4.5
MR 7 4.5
SEC 4.5 6
DR 7 6.5
DR 7 6.5
DB 4 5
DB 4 5
PE 8.5 8.5
WCN 4.5 5
DG 6.5 6.5
WCN 4.5 5
DG 6.5 6.5
DG 6.5 6.5
DG 6.5 6.5
DG 6.5 6.5
DG 6.5 6.5
DG 6.5 6.5
DR 7 6.5
DR 7 6.5
MG 1.5 2.5
MG 1.5 2.5
MG 1.5 2.5
MG 1.5 2.5
MG 1.5 2.5
PCA 5 3.5
SEA 4.5 6
DR 7 6.5
BR 4 5.5
SN 5 7
AF 2.5 4.5
GA 5 6.5
AS 4.5 4.5
SC 4 7
BR 4 5.5
BR 4 5.5
BR 4 5.5
MR 7 4.5
MG 1.5 2.5
MG 1.5 2.5
JC 5 5
JC 5 5
JC 5 5
JC 5 5
JC 5 5
JC 5 5
SEA 4.5 6
SEA 4.5 6
JC 5 5
JC 5 5
JC 5 5
JC 5 5
JA 7 7
JA 7 7
JA 7 7
MR 7 4.5
MI 7 4.5
MCO 5 6.5
MCO 5 6.5
MCO 5 6.5
MCO 5 6.5
MCO 5 6.5
MCO 5 6.5
MCO 5 6.5
MCO 5 6.5
MCO 5 6.5
MCO 5 6.5
MCO 5 6.5
MCO 5 6.5
MCO 5 6.5
MCO 5 6.5
MCO 5 6.5
MR 7 4.5
MCO 5 6.5
MCO 5 6.5
MCO 5 6.5
MCO 5 6.5
MCO 5 6.5
MCO 5 6.5
SEC 4.5 6
SEC 4.5 6
H 4 4
DG 6.5 6.5
DG 6.5 6.5
DG 6.5 6.5
SN 5 7
BN 8 6
DR 7 6.5
MAI 5 6
MAI 5 6
MAI 5 6
MAI 5 6
DR 7 6.5
DR 7 6.5
DR 7 6.5
DR 7 6.5
DR 7 6.5
DR 7 6.5
DR 7 6.5
DG 6.5 6.5
DG 6.5 6.5
DR 7 6.5
MR 7 4.5
MEE 2 1.5
MEE 2 1.5
QG 3 2.5
DR 7 6.5
WY not found
AM 3.5 4.5
AP 4 3.5
GA 5 6.5
GA 5 6.5
DG 6.5 6.5
WY not found
DG 6.5 6.5
AN 7 5.5
AP 4 3.5
BV 3.5 3.5
BV 3.5 3.5
AA 3.5 3.5
AA 3.5 3.5
JM 5 4
JM 5 4
JA 7 7
WCD 5 5
WCD 5 5
WCD 5 5
WCD 5 5
WCD 5 5
WCD 5 5
JC 5 5
FA 8 8
FA 8 8
FA 8 8
JA 7 7
JA 7 7
JA 7 7
JA 7 7
JA 7 7
JA 7 7
JA 7 7
JA 7 7
JA 7 7
MR 7 4.5
QE 3 5
QE 3 5
QE 3 5
QE 3 5
QE 3 5
QE 3 5
QE 3 5
JM 5 4
JM 5 4
WCN 4.5 5
DG 6.5 6.5
DG 6.5 6.5
DG 6.5 6.5
DG 6.5 6.5
WY not found
WY not found
WY not found
BN 8 6
BN 8 6
BN 8 6
BNH 7 7
BN 8 6
BNH 7 7
BN 8 6
BN 8 6
BN 8 6
BN 8 6
BN 8 6
BNE 8 5
BN 8 6
BN 8 6
AT 2 3
AT 2 3
AT 2 3
